<?xml version="1.0" encoding="UTF-8"?>
<testng-results skipped="0" failed="0" ignored="0" total="0" passed="0">
  <reporter-output>
  </reporter-output>
  <suite name="TestRunner.TestRunner" duration-ms="8" started-at="2021-01-09T09:28:53 CST" finished-at="2021-01-09T09:28:53 CST">
    <groups>
    </groups>
    <test name="Command line test" duration-ms="8" started-at="2021-01-09T09:28:53 CST" finished-at="2021-01-09T09:28:53 CST">
    </test> <!-- Command line test -->
  </suite> <!-- TestRunner.TestRunner -->
</testng-results>
